CRITICAL - 2021-08-18 10:15:13 --> Class 'CodeIgniter\Database\mysql\Connection' not found
#0 /home/luizfmd/Área de Trabalho/CodeIgniter-Crud/vendor/codeigniter4/framework/system/Database/Database.php(69): CodeIgniter\Database\Database->initDriver()
#1 /home/luizfmd/Área de Trabalho/CodeIgniter-Crud/vendor/codeigniter4/framework/system/Database/Config.php(86): CodeIgniter\Database\Database->load()
#2 /home/luizfmd/Área de Trabalho/CodeIgniter-Crud/vendor/codeigniter4/framework/system/Common.php(370): CodeIgniter\Database\Config::connect()
#3 /home/luizfmd/Área de Trabalho/CodeIgniter-Crud/vendor/codeigniter4/framework/system/Database/MigrationRunner.php(150): db_connect()
#4 /home/luizfmd/Área de Trabalho/CodeIgniter-Crud/vendor/codeigniter4/framework/system/Config/Services.php(465): CodeIgniter\Database\MigrationRunner->__construct()
#5 /home/luizfmd/Área de Trabalho/CodeIgniter-Crud/vendor/codeigniter4/framework/system/Config/BaseService.php(263): CodeIgniter\Config\Services::migrations()
#6 /home/luizfmd/Área de Trabalho/CodeIgniter-Crud/vendor/codeigniter4/framework/system/Config/BaseService.php(192): CodeIgniter\Config\BaseService::__callStatic()
#7 /home/luizfmd/Área de Trabalho/CodeIgniter-Crud/vendor/codeigniter4/framework/system/Config/Services.php(460): CodeIgniter\Config\BaseService::getSharedInstance()
#8 /home/luizfmd/Área de Trabalho/CodeIgniter-Crud/vendor/codeigniter4/framework/system/Config/BaseService.php(263): CodeIgniter\Config\Services::migrations()
#9 /home/luizfmd/Área de Trabalho/CodeIgniter-Crud/vendor/codeigniter4/framework/system/Commands/Database/Migrate.php(73): CodeIgniter\Config\BaseService::__callStatic()
#10 /home/luizfmd/Área de Trabalho/CodeIgniter-Crud/vendor/codeigniter4/framework/system/CLI/Commands.php(67): CodeIgniter\Commands\Database\Migrate->run()
#11 /home/luizfmd/Área de Trabalho/CodeIgniter-Crud/vendor/codeigniter4/framework/system/CLI/CommandRunner.php(71): CodeIgniter\CLI\Commands->run()
#12 /home/luizfmd/Área de Trabalho/CodeIgniter-Crud/vendor/codeigniter4/framework/system/CLI/CommandRunner.php(56): CodeIgniter\CLI\CommandRunner->index()
#13 /home/luizfmd/Área de Trabalho/CodeIgniter-Crud/vendor/codeigniter4/framework/system/CodeIgniter.php(924): CodeIgniter\CLI\CommandRunner->_remap()
#14 /home/luizfmd/Área de Trabalho/CodeIgniter-Crud/vendor/codeigniter4/framework/system/CodeIgniter.php(436): CodeIgniter\CodeIgniter->runController()
#15 /home/luizfmd/Área de Trabalho/CodeIgniter-Crud/vendor/codeigniter4/framework/system/CodeIgniter.php(336): CodeIgniter\CodeIgniter->handleRequest()
#16 /home/luizfmd/Área de Trabalho/CodeIgniter-Crud/vendor/codeigniter4/framework/system/CLI/Console.php(61): CodeIgniter\CodeIgniter->run()
#17 /home/luizfmd/Área de Trabalho/CodeIgniter-Crud/spark(65): CodeIgniter\CLI\Console->run()
#18 {main}
CRITICAL - 2021-08-18 10:15:20 --> Class 'CodeIgniter\Database\MySQL\Connection' not found
#0 /home/luizfmd/Área de Trabalho/CodeIgniter-Crud/vendor/codeigniter4/framework/system/Database/Database.php(69): CodeIgniter\Database\Database->initDriver()
#1 /home/luizfmd/Área de Trabalho/CodeIgniter-Crud/vendor/codeigniter4/framework/system/Database/Config.php(86): CodeIgniter\Database\Database->load()
#2 /home/luizfmd/Área de Trabalho/CodeIgniter-Crud/vendor/codeigniter4/framework/system/Common.php(370): CodeIgniter\Database\Config::connect()
#3 /home/luizfmd/Área de Trabalho/CodeIgniter-Crud/vendor/codeigniter4/framework/system/Database/MigrationRunner.php(150): db_connect()
#4 /home/luizfmd/Área de Trabalho/CodeIgniter-Crud/vendor/codeigniter4/framework/system/Config/Services.php(465): CodeIgniter\Database\MigrationRunner->__construct()
#5 /home/luizfmd/Área de Trabalho/CodeIgniter-Crud/vendor/codeigniter4/framework/system/Config/BaseService.php(263): CodeIgniter\Config\Services::migrations()
#6 /home/luizfmd/Área de Trabalho/CodeIgniter-Crud/vendor/codeigniter4/framework/system/Config/BaseService.php(192): CodeIgniter\Config\BaseService::__callStatic()
#7 /home/luizfmd/Área de Trabalho/CodeIgniter-Crud/vendor/codeigniter4/framework/system/Config/Services.php(460): CodeIgniter\Config\BaseService::getSharedInstance()
#8 /home/luizfmd/Área de Trabalho/CodeIgniter-Crud/vendor/codeigniter4/framework/system/Config/BaseService.php(263): CodeIgniter\Config\Services::migrations()
#9 /home/luizfmd/Área de Trabalho/CodeIgniter-Crud/vendor/codeigniter4/framework/system/Commands/Database/Migrate.php(73): CodeIgniter\Config\BaseService::__callStatic()
#10 /home/luizfmd/Área de Trabalho/CodeIgniter-Crud/vendor/codeigniter4/framework/system/CLI/Commands.php(67): CodeIgniter\Commands\Database\Migrate->run()
#11 /home/luizfmd/Área de Trabalho/CodeIgniter-Crud/vendor/codeigniter4/framework/system/CLI/CommandRunner.php(71): CodeIgniter\CLI\Commands->run()
#12 /home/luizfmd/Área de Trabalho/CodeIgniter-Crud/vendor/codeigniter4/framework/system/CLI/CommandRunner.php(56): CodeIgniter\CLI\CommandRunner->index()
#13 /home/luizfmd/Área de Trabalho/CodeIgniter-Crud/vendor/codeigniter4/framework/system/CodeIgniter.php(924): CodeIgniter\CLI\CommandRunner->_remap()
#14 /home/luizfmd/Área de Trabalho/CodeIgniter-Crud/vendor/codeigniter4/framework/system/CodeIgniter.php(436): CodeIgniter\CodeIgniter->runController()
#15 /home/luizfmd/Área de Trabalho/CodeIgniter-Crud/vendor/codeigniter4/framework/system/CodeIgniter.php(336): CodeIgniter\CodeIgniter->handleRequest()
#16 /home/luizfmd/Área de Trabalho/CodeIgniter-Crud/vendor/codeigniter4/framework/system/CLI/Console.php(61): CodeIgniter\CodeIgniter->run()
#17 /home/luizfmd/Área de Trabalho/CodeIgniter-Crud/spark(65): CodeIgniter\CLI\Console->run()
#18 {main}
ERROR - 2021-08-18 10:24:09 --> Error connecting to the database: Class 'SQLite3' not found
